Using pre-set license
Built from '2020.3/staging' branch; Version is '2020.3.3f1 (76626098c1c4) revision 7758432'; Using compiler version '192528614'; Build Type 'Release'
OS: 'Windows 10 Home; OS build 19041.985; Version 2004; 64bit' Language: 'en' Physical Memory: 32694 MB
BatchMode: 1, IsHumanControllingUs: 0, StartBugReporterOnCrash: 0, Is64bit: 1, IsPro: 0

 COMMAND LINE ARGUMENTS:
C:\Program Files\Unity\Hub\Editor\2020.3.3f1\Editor\Unity.exe
-adb2
-batchMode
-noUpm
-name
AssetImportWorker0
-projectPath
C:/Users/arkr3/Desktop/School stuff/Term 2/Cross-Platform Programing 1/VGP123_A1_Roy_Aaron
-logFile
Logs/AssetImportWorker0.log
-srvPort
60455
Successfully changed project path to: C:/Users/arkr3/Desktop/School stuff/Term 2/Cross-Platform Programing 1/VGP123_A1_Roy_Aaron
C:/Users/arkr3/Desktop/School stuff/Term 2/Cross-Platform Programing 1/VGP123_A1_Roy_Aaron
Using Asset Import Pipeline V2.
Refreshing native plugins compatible for Editor in 33.94 ms, found 1 plugins.
Preloading 0 native plugins for Editor in 0.00 ms.
Initialize engine version: 2020.3.3f1 (76626098c1c4)
[Subsystems] Discovering subsystems at path C:/Program Files/Unity/Hub/Editor/2020.3.3f1/Editor/Data/Resources/UnitySubsystems
[Subsystems] Discovering subsystems at path C:/Users/arkr3/Desktop/School stuff/Term 2/Cross-Platform Programing 1/VGP123_A1_Roy_Aaron/Assets
GfxDevice: creating device client; threaded=0
Direct3D:
    Version:  Direct3D 11.0 [level 11.1]
    Renderer: NVIDIA GeForce RTX 3070 (ID=0x2484)
    Vendor:   
    VRAM:     8043 MB
    Driver:   27.21.14.6589
Initialize mono
Mono path[0] = 'C:/Program Files/Unity/Hub/Editor/2020.3.3f1/Editor/Data/Managed'
Mono path[1] = 'C:/Program Files/Unity/Hub/Editor/2020.3.3f1/Editor/Data/MonoBleedingEdge/lib/mono/unityjit'
Mono config path = 'C:/Program Files/Unity/Hub/Editor/2020.3.3f1/Editor/Data/MonoBleedingEdge/etc'
Using monoOptions --debugger-agent=transport=dt_socket,embedding=1,server=y,suspend=n,address=127.0.0.1:56392
Begin MonoManager ReloadAssembly
Registering precompiled unity dll's ...
Register platform support module: C:/Program Files/Unity/Hub/Editor/2020.3.3f1/Editor/Data/PlaybackEngines/WindowsStandaloneSupport/UnityEditor.WindowsStandalone.Extensions.dll
Registered in 0.002112 seconds.
Native extension for WindowsStandalone target not found
Refreshing native plugins compatible for Editor in 36.93 ms, found 1 plugins.
Preloading 0 native plugins for Editor in 0.00 ms.
Invoked RoslynAnalysisRunner static constructor.
RoslynAnalysisRunner will not be running.
RoslynAnalysisRunner has terminated.
Mono: successfully reloaded assembly
- Completed reload, in  1.044 seconds
Platform modules already initialized, skipping
Registering precompiled user dll's ...
Registered in 0.000928 seconds.
Begin MonoManager ReloadAssembly
Native extension for WindowsStandalone target not found
Refreshing native plugins compatible for Editor in 36.83 ms, found 1 plugins.
Preloading 0 native plugins for Editor in 0.00 ms.
Invoked RoslynAnalysisRunner static constructor.
RoslynAnalysisRunner will not be running.
RoslynAnalysisRunner has terminated.
Mono: successfully reloaded assembly
- Completed reload, in  0.917 seconds
Platform modules already initialized, skipping
========================================================================
Worker process is ready to serve import requests
Launched and connected shader compiler UnityShaderCompiler.exe after 0.05 seconds
Refreshing native plugins compatible for Editor in 0.42 ms, found 1 plugins.
Preloading 0 native plugins for Editor in 0.00 ms.
Unloading 1818 Unused Serialized files (Serialized files now loaded: 0)
System memory in use before: 85.8 MB.
System memory in use after: 85.7 MB.

Unloading 24 unused Assets to reduce memory usage. Loaded Objects now: 2261.
Total: 3.076600 ms (FindLiveObjects: 0.652400 ms CreateObjectMapping: 0.068900 ms MarkObjects: 2.191300 ms  DeleteObjects: 0.162000 ms)

========================================================================
Received Import Request.
  path: Assets/Scripts/Enemies/EnemyTurret.cs
  artifactKey: Guid(a4e4cbe4f402bb044b9118c248b9629b) Importer(815301076,1909f56bfc062723c751e8b465ee728b)
Start importing Assets/Scripts/Enemies/EnemyTurret.cs using Guid(a4e4cbe4f402bb044b9118c248b9629b) Importer(815301076,1909f56bfc062723c751e8b465ee728b)  -> (artifact id: '054755470b0837a94967736b8a786e03') in 0.040095 seconds
  Import took 0.043188 seconds .

========================================================================
Received Import Request.
  Time since last request: 737.827171 seconds.
  path: Assets/Scripts/Enemies/EnemyTurret.cs
  artifactKey: Guid(a4e4cbe4f402bb044b9118c248b9629b) Importer(815301076,1909f56bfc062723c751e8b465ee728b)
Start importing Assets/Scripts/Enemies/EnemyTurret.cs using Guid(a4e4cbe4f402bb044b9118c248b9629b) Importer(815301076,1909f56bfc062723c751e8b465ee728b)  -> (artifact id: '14e410bf96cfe3114cdb4e5c54fd5a50') in 0.002322 seconds
  Import took 0.005636 seconds .

========================================================================
Received Import Request.
  Time since last request: 174.838068 seconds.
  path: Assets/Prefabs/EnemyProjectile.prefab
  artifactKey: Guid(9cecacec7372c5f4b82f1bc711f7b252) Importer(815301076,1909f56bfc062723c751e8b465ee728b)
Start importing Assets/Prefabs/EnemyProjectile.prefab using Guid(9cecacec7372c5f4b82f1bc711f7b252) Importer(815301076,1909f56bfc062723c751e8b465ee728b)  -> (artifact id: 'c44719ee89daa1d3f54738b84b9a8c26') in 0.075151 seconds
  Import took 0.078278 seconds .

========================================================================
Received Import Request.
  Time since last request: 1.454729 seconds.
  path: Assets/Prefabs/Player.prefab
  artifactKey: Guid(c6b8747ed35a9bf4185023df494586a5) Importer(815301076,1909f56bfc062723c751e8b465ee728b)
Start importing Assets/Prefabs/Player.prefab using Guid(c6b8747ed35a9bf4185023df494586a5) Importer(815301076,1909f56bfc062723c751e8b465ee728b)  -> (artifact id: 'f9882ed0d73f072a720d3d491faf6a65') in 0.031828 seconds
  Import took 0.035088 seconds .

========================================================================
Received Import Request.
  Time since last request: 0.000749 seconds.
  path: Assets/Prefabs/Player.prefab
  artifactKey: Guid(c6b8747ed35a9bf4185023df494586a5) Importer(815301076,1909f56bfc062723c751e8b465ee728b)
Start importing Assets/Prefabs/Player.prefab using Guid(c6b8747ed35a9bf4185023df494586a5) Importer(815301076,1909f56bfc062723c751e8b465ee728b)  -> (artifact id: 'f9882ed0d73f072a720d3d491faf6a65') in 0.015206 seconds
  Import took 0.018094 seconds .

========================================================================
Received Import Request.
  Time since last request: 1.296712 seconds.
  path: Assets/Prefabs/Enemies/EnemyTurret.prefab
  artifactKey: Guid(2947d5328b1a61c458e4b4344bb3fcb8) Importer(815301076,1909f56bfc062723c751e8b465ee728b)
Start importing Assets/Prefabs/Enemies/EnemyTurret.prefab using Guid(2947d5328b1a61c458e4b4344bb3fcb8) Importer(815301076,1909f56bfc062723c751e8b465ee728b)  -> (artifact id: 'b6059b597ab8553b4142846569ccc5eb') in 0.014292 seconds
  Import took 0.017642 seconds .

========================================================================
Received Prepare
Registering precompiled user dll's ...
Registered in 0.001022 seconds.
Begin MonoManager ReloadAssembly
Native extension for WindowsStandalone target not found
Refreshing native plugins compatible for Editor in 0.44 ms, found 1 plugins.
Preloading 0 native plugins for Editor in 0.00 ms.
Invoked RoslynAnalysisRunner static constructor.
RoslynAnalysisRunner will not be running.
RoslynAnalysisRunner has terminated.
Mono: successfully reloaded assembly
- Completed reload, in  0.814 seconds
Platform modules already initialized, skipping
Refreshing native plugins compatible for Editor in 0.42 ms, found 1 plugins.
Preloading 0 native plugins for Editor in 0.00 ms.
Unloading 1813 Unused Serialized files (Serialized files now loaded: 0)
System memory in use before: 88.8 MB.
System memory in use after: 88.8 MB.

Unloading 12 unused Assets to reduce memory usage. Loaded Objects now: 2272.
Total: 2.202100 ms (FindLiveObjects: 0.294600 ms CreateObjectMapping: 0.140900 ms MarkObjects: 1.653900 ms  DeleteObjects: 0.111700 ms)

========================================================================
Received Prepare
Registering precompiled user dll's ...
Registered in 0.001368 seconds.
Begin MonoManager ReloadAssembly
Native extension for WindowsStandalone target not found
Refreshing native plugins compatible for Editor in 0.45 ms, found 1 plugins.
Preloading 0 native plugins for Editor in 0.00 ms.
Invoked RoslynAnalysisRunner static constructor.
RoslynAnalysisRunner will not be running.
RoslynAnalysisRunner has terminated.
Mono: successfully reloaded assembly
- Completed reload, in  2.421 seconds
Platform modules already initialized, skipping
Refreshing native plugins compatible for Editor in 0.42 ms, found 1 plugins.
Preloading 0 native plugins for Editor in 0.00 ms.
Unloading 1813 Unused Serialized files (Serialized files now loaded: 0)
System memory in use before: 88.9 MB.
System memory in use after: 88.9 MB.

Unloading 12 unused Assets to reduce memory usage. Loaded Objects now: 2276.
Total: 2.121000 ms (FindLiveObjects: 0.232500 ms CreateObjectMapping: 0.041900 ms MarkObjects: 1.719000 ms  DeleteObjects: 0.126200 ms)

========================================================================
Received Prepare
Registering precompiled user dll's ...
Registered in 0.001421 seconds.
Begin MonoManager ReloadAssembly
Native extension for WindowsStandalone target not found
Refreshing native plugins compatible for Editor in 0.35 ms, found 1 plugins.
Preloading 0 native plugins for Editor in 0.00 ms.
Invoked RoslynAnalysisRunner static constructor.
RoslynAnalysisRunner will not be running.
RoslynAnalysisRunner has terminated.
Mono: successfully reloaded assembly
- Completed reload, in  0.777 seconds
Platform modules already initialized, skipping
Refreshing native plugins compatible for Editor in 0.43 ms, found 1 plugins.
Preloading 0 native plugins for Editor in 0.00 ms.
Unloading 1813 Unused Serialized files (Serialized files now loaded: 0)
System memory in use before: 88.9 MB.
System memory in use after: 88.9 MB.

Unloading 12 unused Assets to reduce memory usage. Loaded Objects now: 2280.
Total: 2.581200 ms (FindLiveObjects: 0.339000 ms CreateObjectMapping: 0.069200 ms MarkObjects: 2.041700 ms  DeleteObjects: 0.129500 ms)

========================================================================
Received Prepare
Registering precompiled user dll's ...
Registered in 0.001080 seconds.
Begin MonoManager ReloadAssembly
Native extension for WindowsStandalone target not found
Refreshing native plugins compatible for Editor in 0.42 ms, found 1 plugins.
Preloading 0 native plugins for Editor in 0.00 ms.
Invoked RoslynAnalysisRunner static constructor.
RoslynAnalysisRunner will not be running.
RoslynAnalysisRunner has terminated.
Mono: successfully reloaded assembly
- Completed reload, in  0.757 seconds
Platform modules already initialized, skipping
Refreshing native plugins compatible for Editor in 0.42 ms, found 1 plugins.
Preloading 0 native plugins for Editor in 0.00 ms.
Unloading 1813 Unused Serialized files (Serialized files now loaded: 0)
System memory in use before: 88.9 MB.
System memory in use after: 88.9 MB.

Unloading 12 unused Assets to reduce memory usage. Loaded Objects now: 2284.
Total: 2.518200 ms (FindLiveObjects: 0.235700 ms CreateObjectMapping: 0.042300 ms MarkObjects: 2.108800 ms  DeleteObjects: 0.129800 ms)

========================================================================
Received Prepare
Registering precompiled user dll's ...
Registered in 0.000998 seconds.
Begin MonoManager ReloadAssembly
Native extension for WindowsStandalone target not found
Refreshing native plugins compatible for Editor in 0.41 ms, found 1 plugins.
Preloading 0 native plugins for Editor in 0.00 ms.
Invoked RoslynAnalysisRunner static constructor.
RoslynAnalysisRunner will not be running.
RoslynAnalysisRunner has terminated.
Mono: successfully reloaded assembly
- Completed reload, in  0.770 seconds
Platform modules already initialized, skipping
Refreshing native plugins compatible for Editor in 0.43 ms, found 1 plugins.
Preloading 0 native plugins for Editor in 0.00 ms.
Unloading 1813 Unused Serialized files (Serialized files now loaded: 0)
System memory in use before: 88.9 MB.
System memory in use after: 88.9 MB.

Unloading 12 unused Assets to reduce memory usage. Loaded Objects now: 2288.
Total: 2.367700 ms (FindLiveObjects: 0.283000 ms CreateObjectMapping: 0.134900 ms MarkObjects: 1.826700 ms  DeleteObjects: 0.121800 ms)

========================================================================
Received Prepare
Registering precompiled user dll's ...
Registered in 0.001110 seconds.
Begin MonoManager ReloadAssembly
Native extension for WindowsStandalone target not found
Refreshing native plugins compatible for Editor in 0.43 ms, found 1 plugins.
Preloading 0 native plugins for Editor in 0.00 ms.
Invoked RoslynAnalysisRunner static constructor.
RoslynAnalysisRunner will not be running.
RoslynAnalysisRunner has terminated.
Mono: successfully reloaded assembly
- Completed reload, in  0.774 seconds
Platform modules already initialized, skipping
Refreshing native plugins compatible for Editor in 0.42 ms, found 1 plugins.
Preloading 0 native plugins for Editor in 0.00 ms.
Unloading 1813 Unused Serialized files (Serialized files now loaded: 0)
System memory in use before: 88.9 MB.
System memory in use after: 88.9 MB.

Unloading 12 unused Assets to reduce memory usage. Loaded Objects now: 2292.
Total: 2.130100 ms (FindLiveObjects: 0.220100 ms CreateObjectMapping: 0.042300 ms MarkObjects: 1.744700 ms  DeleteObjects: 0.121900 ms)

========================================================================
Received Prepare
Registering precompiled user dll's ...
Registered in 0.001266 seconds.
Begin MonoManager ReloadAssembly
Native extension for WindowsStandalone target not found
Refreshing native plugins compatible for Editor in 0.42 ms, found 1 plugins.
Preloading 0 native plugins for Editor in 0.00 ms.
Invoked RoslynAnalysisRunner static constructor.
RoslynAnalysisRunner will not be running.
RoslynAnalysisRunner has terminated.
Mono: successfully reloaded assembly
- Completed reload, in  0.775 seconds
Platform modules already initialized, skipping
Refreshing native plugins compatible for Editor in 0.50 ms, found 1 plugins.
Preloading 0 native plugins for Editor in 0.00 ms.
Unloading 1813 Unused Serialized files (Serialized files now loaded: 0)
System memory in use before: 88.9 MB.
System memory in use after: 88.9 MB.

Unloading 12 unused Assets to reduce memory usage. Loaded Objects now: 2296.
Total: 2.265400 ms (FindLiveObjects: 0.260500 ms CreateObjectMapping: 0.045000 ms MarkObjects: 1.837300 ms  DeleteObjects: 0.121600 ms)

========================================================================
Received Prepare
Registering precompiled user dll's ...
Registered in 0.001149 seconds.
Begin MonoManager ReloadAssembly
Native extension for WindowsStandalone target not found
Refreshing native plugins compatible for Editor in 0.44 ms, found 1 plugins.
Preloading 0 native plugins for Editor in 0.00 ms.
Invoked RoslynAnalysisRunner static constructor.
RoslynAnalysisRunner will not be running.
RoslynAnalysisRunner has terminated.
Mono: successfully reloaded assembly
- Completed reload, in  0.767 seconds
Platform modules already initialized, skipping
Refreshing native plugins compatible for Editor in 0.40 ms, found 1 plugins.
Preloading 0 native plugins for Editor in 0.00 ms.
Unloading 1813 Unused Serialized files (Serialized files now loaded: 0)
System memory in use before: 88.9 MB.
System memory in use after: 88.9 MB.

Unloading 12 unused Assets to reduce memory usage. Loaded Objects now: 2300.
Total: 2.129900 ms (FindLiveObjects: 0.231500 ms CreateObjectMapping: 0.042600 ms MarkObjects: 1.734600 ms  DeleteObjects: 0.119700 ms)

========================================================================
Received Prepare
Registering precompiled user dll's ...
Registered in 0.001383 seconds.
Begin MonoManager ReloadAssembly
Native extension for WindowsStandalone target not found
Refreshing native plugins compatible for Editor in 0.46 ms, found 1 plugins.
Preloading 0 native plugins for Editor in 0.00 ms.
Invoked RoslynAnalysisRunner static constructor.
RoslynAnalysisRunner will not be running.
RoslynAnalysisRunner has terminated.
Mono: successfully reloaded assembly
- Completed reload, in  0.769 seconds
Platform modules already initialized, skipping
Refreshing native plugins compatible for Editor in 0.42 ms, found 1 plugins.
Preloading 0 native plugins for Editor in 0.00 ms.
Unloading 1813 Unused Serialized files (Serialized files now loaded: 0)
System memory in use before: 88.9 MB.
System memory in use after: 88.9 MB.

Unloading 12 unused Assets to reduce memory usage. Loaded Objects now: 2304.
Total: 1.926600 ms (FindLiveObjects: 0.205900 ms CreateObjectMapping: 0.044500 ms MarkObjects: 1.560300 ms  DeleteObjects: 0.114700 ms)

========================================================================
Received Prepare
Registering precompiled user dll's ...
Registered in 0.001048 seconds.
Begin MonoManager ReloadAssembly
Native extension for WindowsStandalone target not found
Refreshing native plugins compatible for Editor in 0.43 ms, found 1 plugins.
Preloading 0 native plugins for Editor in 0.00 ms.
Invoked RoslynAnalysisRunner static constructor.
RoslynAnalysisRunner will not be running.
RoslynAnalysisRunner has terminated.
Mono: successfully reloaded assembly
- Completed reload, in  0.767 seconds
Platform modules already initialized, skipping
Refreshing native plugins compatible for Editor in 0.43 ms, found 1 plugins.
Preloading 0 native plugins for Editor in 0.00 ms.
Unloading 1813 Unused Serialized files (Serialized files now loaded: 0)
System memory in use before: 88.9 MB.
System memory in use after: 88.9 MB.

Unloading 12 unused Assets to reduce memory usage. Loaded Objects now: 2308.
Total: 2.642500 ms (FindLiveObjects: 0.356900 ms CreateObjectMapping: 0.128300 ms MarkObjects: 2.020400 ms  DeleteObjects: 0.135600 ms)

========================================================================
Received Import Request.
  Time since last request: 1093.434024 seconds.
  path: Assets/Scripts
  artifactKey: Guid(1cf2c4ee0d58bdd42ae4afbfef3f5160) Importer(815301076,1909f56bfc062723c751e8b465ee728b)
Start importing Assets/Scripts using Guid(1cf2c4ee0d58bdd42ae4afbfef3f5160) Importer(815301076,1909f56bfc062723c751e8b465ee728b)  -> (artifact id: '8999f93467ba980570d723dce7032637') in 0.006379 seconds
  Import took 0.009836 seconds .

========================================================================
Received Import Request.
  Time since last request: 12.690533 seconds.
  path: Assets/Scripts/Managers
  artifactKey: Guid(ce8040c5cf5efec4f8610919b1a8f740) Importer(815301076,1909f56bfc062723c751e8b465ee728b)
Start importing Assets/Scripts/Managers using Guid(ce8040c5cf5efec4f8610919b1a8f740) Importer(815301076,1909f56bfc062723c751e8b465ee728b)  -> (artifact id: '1360485f67ffa7f10817dbe55cc882b0') in 0.002553 seconds
  Import took 0.005633 seconds .

========================================================================
Received Import Request.
  Time since last request: 0.000381 seconds.
  path: Assets/Scripts/Managers
  artifactKey: Guid(ce8040c5cf5efec4f8610919b1a8f740) Importer(815301076,1909f56bfc062723c751e8b465ee728b)
Start importing Assets/Scripts/Managers using Guid(ce8040c5cf5efec4f8610919b1a8f740) Importer(815301076,1909f56bfc062723c751e8b465ee728b)  -> (artifact id: '1360485f67ffa7f10817dbe55cc882b0') in 0.002011 seconds
  Import took 0.004480 seconds .

========================================================================
Received Import Request.
  Time since last request: 8.603462 seconds.
  path: Assets/Scripts/Managers/GameManager.cs
  artifactKey: Guid(093e672029de1b442a0aec2cfc7685c0) Importer(815301076,1909f56bfc062723c751e8b465ee728b)
Start importing Assets/Scripts/Managers/GameManager.cs using Guid(093e672029de1b442a0aec2cfc7685c0) Importer(815301076,1909f56bfc062723c751e8b465ee728b)  -> (artifact id: '23f8c7cfe0613411ff66bbe633beb99a') in 0.002531 seconds
  Import took 0.005444 seconds .

========================================================================
Received Prepare
Registering precompiled user dll's ...
Registered in 0.001084 seconds.
Begin MonoManager ReloadAssembly
Native extension for WindowsStandalone target not found
Refreshing native plugins compatible for Editor in 0.58 ms, found 1 plugins.
Preloading 0 native plugins for Editor in 0.00 ms.
Invoked RoslynAnalysisRunner static constructor.
RoslynAnalysisRunner will not be running.
RoslynAnalysisRunner has terminated.
Mono: successfully reloaded assembly
- Completed reload, in  0.865 seconds
Platform modules already initialized, skipping
Refreshing native plugins compatible for Editor in 0.63 ms, found 1 plugins.
Preloading 0 native plugins for Editor in 0.00 ms.
Unloading 1814 Unused Serialized files (Serialized files now loaded: 0)
System memory in use before: 89.0 MB.
System memory in use after: 89.0 MB.

Unloading 12 unused Assets to reduce memory usage. Loaded Objects now: 2313.
Total: 2.284300 ms (FindLiveObjects: 0.359400 ms CreateObjectMapping: 0.056100 ms MarkObjects: 1.722900 ms  DeleteObjects: 0.144800 ms)

========================================================================
Received Import Request.
  Time since last request: 93.738771 seconds.
  path: Assets/Scripts/Managers/GameManager.cs
  artifactKey: Guid(093e672029de1b442a0aec2cfc7685c0) Importer(815301076,1909f56bfc062723c751e8b465ee728b)
Start importing Assets/Scripts/Managers/GameManager.cs using Guid(093e672029de1b442a0aec2cfc7685c0) Importer(815301076,1909f56bfc062723c751e8b465ee728b)  -> (artifact id: '34e496d9207e3bb22753647506657f56') in 0.005980 seconds
  Import took 0.009301 seconds .

========================================================================
Received Import Request.
  Time since last request: 16.846809 seconds.
  path: Assets/Scripts/Managers/LeveManager.cs
  artifactKey: Guid(39122f5c5f579954bb8ffbd1e1cd09d5) Importer(815301076,1909f56bfc062723c751e8b465ee728b)
Start importing Assets/Scripts/Managers/LeveManager.cs using Guid(39122f5c5f579954bb8ffbd1e1cd09d5) Importer(815301076,1909f56bfc062723c751e8b465ee728b)  -> (artifact id: 'c4860c644108c888525f48b723902d5e') in 0.003103 seconds
  Import took 0.006072 seconds .

========================================================================
Received Import Request.
  Time since last request: 34.928886 seconds.
  path: Assets/Scripts/Managers/LeveManager.cs
  artifactKey: Guid(39122f5c5f579954bb8ffbd1e1cd09d5) Importer(815301076,1909f56bfc062723c751e8b465ee728b)
Start importing Assets/Scripts/Managers/LeveManager.cs using Guid(39122f5c5f579954bb8ffbd1e1cd09d5) Importer(815301076,1909f56bfc062723c751e8b465ee728b)  -> (artifact id: 'a5f9fa2624112419c4738cba2ebc5238') in 0.002911 seconds
  Import took 0.006122 seconds .

========================================================================
Received Import Request.
  Time since last request: 231.038976 seconds.
  path: Assets/Prefabs/GameManager.prefab
  artifactKey: Guid(b56c28b6daf725a40bcd6bc49aedb5a6) Importer(815301076,1909f56bfc062723c751e8b465ee728b)
Start importing Assets/Prefabs/GameManager.prefab using Guid(b56c28b6daf725a40bcd6bc49aedb5a6) Importer(815301076,1909f56bfc062723c751e8b465ee728b)  -> (artifact id: '71bf2ae4df362f3d2940077c4ac47229') in 0.024064 seconds
  Import took 0.027545 seconds .

========================================================================
Received Import Request.
  Time since last request: 30.257879 seconds.
  path: Assets/Scenes/SampleScene.unity
  artifactKey: Guid(2cda990e2423bbf4892e6590ba056729) Importer(815301076,1909f56bfc062723c751e8b465ee728b)
Start importing Assets/Scenes/SampleScene.unity using Guid(2cda990e2423bbf4892e6590ba056729) Importer(815301076,1909f56bfc062723c751e8b465ee728b)  -> (artifact id: '5428e38226bcb3997e1b8d2d4b1b8c3a') in 0.003973 seconds
  Import took 0.007403 seconds .

========================================================================
Received Import Request.
  Time since last request: 26.332705 seconds.
  path: Assets/Scenes/TitleScreen.unity
  artifactKey: Guid(b868fe9332078a04c8592dfd52192424) Importer(815301076,1909f56bfc062723c751e8b465ee728b)
Start importing Assets/Scenes/TitleScreen.unity using Guid(b868fe9332078a04c8592dfd52192424) Importer(815301076,1909f56bfc062723c751e8b465ee728b)  -> (artifact id: '102110018fdfb19ce68b5a4ce87c043f') in 0.003734 seconds
  Import took 0.007049 seconds .

========================================================================
Received Import Request.
  Time since last request: 0.000409 seconds.
  path: Assets/Scenes/TitleScreen.unity
  artifactKey: Guid(b868fe9332078a04c8592dfd52192424) Importer(815301076,1909f56bfc062723c751e8b465ee728b)
Start importing Assets/Scenes/TitleScreen.unity using Guid(b868fe9332078a04c8592dfd52192424) Importer(815301076,1909f56bfc062723c751e8b465ee728b)  -> (artifact id: '102110018fdfb19ce68b5a4ce87c043f') in 0.004047 seconds
  Import took 0.007580 seconds .

========================================================================
Received Import Request.
  Time since last request: 87.031842 seconds.
  path: Assets/Scripts/Projectile
  artifactKey: Guid(4325e201159d79141aee5ef4705732ca) Importer(815301076,1909f56bfc062723c751e8b465ee728b)
Start importing Assets/Scripts/Projectile using Guid(4325e201159d79141aee5ef4705732ca) Importer(815301076,1909f56bfc062723c751e8b465ee728b)  -> (artifact id: 'f4bcc9bfa31261fd3a9aaf3c7d250076') in 0.003623 seconds
  Import took 0.008449 seconds .

========================================================================
Received Import Request.
  Time since last request: 0.003891 seconds.
  path: Assets/Scripts/Projectile
  artifactKey: Guid(4325e201159d79141aee5ef4705732ca) Importer(815301076,1909f56bfc062723c751e8b465ee728b)
Start importing Assets/Scripts/Projectile using Guid(4325e201159d79141aee5ef4705732ca) Importer(815301076,1909f56bfc062723c751e8b465ee728b)  -> (artifact id: 'f4bcc9bfa31261fd3a9aaf3c7d250076') in 0.002766 seconds
  Import took 0.005877 seconds .

========================================================================
Received Import Request.
  Time since last request: 469.053876 seconds.
  path: Assets/Prefabs/EnemyProjectile.prefab
  artifactKey: Guid(9cecacec7372c5f4b82f1bc711f7b252) Importer(815301076,1909f56bfc062723c751e8b465ee728b)
Start importing Assets/Prefabs/EnemyProjectile.prefab using Guid(9cecacec7372c5f4b82f1bc711f7b252) Importer(815301076,1909f56bfc062723c751e8b465ee728b)  -> (artifact id: '8937b32dc1b104e25db72468a7119f24') in 0.040603 seconds
  Import took 0.044722 seconds .

========================================================================
Received Prepare
Registering precompiled user dll's ...
Registered in 0.001220 seconds.
Begin MonoManager ReloadAssembly
Native extension for WindowsStandalone target not found
Refreshing native plugins compatible for Editor in 0.42 ms, found 1 plugins.
Preloading 0 native plugins for Editor in 0.00 ms.
Invoked RoslynAnalysisRunner static constructor.
RoslynAnalysisRunner will not be running.
RoslynAnalysisRunner has terminated.
Mono: successfully reloaded assembly
- Completed reload, in  0.725 seconds
Platform modules already initialized, skipping
Refreshing native plugins compatible for Editor in 0.49 ms, found 1 plugins.
Preloading 0 native plugins for Editor in 0.00 ms.
Unloading 1814 Unused Serialized files (Serialized files now loaded: 0)
System memory in use before: 89.0 MB.
System memory in use after: 89.0 MB.

Unloading 13 unused Assets to reduce memory usage. Loaded Objects now: 2318.
Total: 2.331200 ms (FindLiveObjects: 0.302500 ms CreateObjectMapping: 0.162800 ms MarkObjects: 1.735600 ms  DeleteObjects: 0.129200 ms)

========================================================================
Received Prepare
Registering precompiled user dll's ...
Registered in 0.001097 seconds.
Begin MonoManager ReloadAssembly
Native extension for WindowsStandalone target not found
Refreshing native plugins compatible for Editor in 0.43 ms, found 1 plugins.
Preloading 0 native plugins for Editor in 0.00 ms.
Invoked RoslynAnalysisRunner static constructor.
RoslynAnalysisRunner will not be running.
RoslynAnalysisRunner has terminated.
Mono: successfully reloaded assembly
- Completed reload, in  0.767 seconds
Platform modules already initialized, skipping
Refreshing native plugins compatible for Editor in 0.39 ms, found 1 plugins.
Preloading 0 native plugins for Editor in 0.00 ms.
Unloading 1814 Unused Serialized files (Serialized files now loaded: 0)
System memory in use before: 89.0 MB.
System memory in use after: 89.0 MB.

Unloading 12 unused Assets to reduce memory usage. Loaded Objects now: 2322.
Total: 2.115600 ms (FindLiveObjects: 0.218400 ms CreateObjectMapping: 0.043200 ms MarkObjects: 1.719500 ms  DeleteObjects: 0.133400 ms)

========================================================================
Received Import Request.
  Time since last request: 136.542870 seconds.
  path: Assets/Scenes/SampleScene.unity
  artifactKey: Guid(2cda990e2423bbf4892e6590ba056729) Importer(815301076,1909f56bfc062723c751e8b465ee728b)
Start importing Assets/Scenes/SampleScene.unity using Guid(2cda990e2423bbf4892e6590ba056729) Importer(815301076,1909f56bfc062723c751e8b465ee728b)  -> (artifact id: '88be9c8ed33b0e8d0b8525b1112511ad') in 0.011249 seconds
  Import took 0.014605 seconds .

========================================================================
Received Import Request.
  Time since last request: 29.094102 seconds.
  path: Assets/Scripts/Misc/Spawn.cs
  artifactKey: Guid(e78caed851fba1841a44fb2d17da9ee9) Importer(815301076,1909f56bfc062723c751e8b465ee728b)
Start importing Assets/Scripts/Misc/Spawn.cs using Guid(e78caed851fba1841a44fb2d17da9ee9) Importer(815301076,1909f56bfc062723c751e8b465ee728b)  -> (artifact id: '83a8815ac50a4372ee670a17569e361b') in 0.002617 seconds
  Import took 0.005466 seconds .

========================================================================
Received Prepare
Registering precompiled user dll's ...
Registered in 0.001436 seconds.
Begin MonoManager ReloadAssembly
Native extension for WindowsStandalone target not found
Refreshing native plugins compatible for Editor in 0.43 ms, found 1 plugins.
Preloading 0 native plugins for Editor in 0.00 ms.
Invoked RoslynAnalysisRunner static constructor.
RoslynAnalysisRunner will not be running.
RoslynAnalysisRunner has terminated.
Mono: successfully reloaded assembly
- Completed reload, in  0.722 seconds
Platform modules already initialized, skipping
Refreshing native plugins compatible for Editor in 0.40 ms, found 1 plugins.
Preloading 0 native plugins for Editor in 0.00 ms.
Unloading 1814 Unused Serialized files (Serialized files now loaded: 0)
System memory in use before: 89.1 MB.
System memory in use after: 89.0 MB.

Unloading 12 unused Assets to reduce memory usage. Loaded Objects now: 2326.
Total: 2.097700 ms (FindLiveObjects: 0.202100 ms CreateObjectMapping: 0.042400 ms MarkObjects: 1.732300 ms  DeleteObjects: 0.120000 ms)

========================================================================
Received Import Request.
  Time since last request: 82.272553 seconds.
  path: Assets/Scripts/Misc/Spawn.cs
  artifactKey: Guid(e78caed851fba1841a44fb2d17da9ee9) Importer(815301076,1909f56bfc062723c751e8b465ee728b)
Start importing Assets/Scripts/Misc/Spawn.cs using Guid(e78caed851fba1841a44fb2d17da9ee9) Importer(815301076,1909f56bfc062723c751e8b465ee728b)  -> (artifact id: '7f2476ba1b1a3b1d683728400efad13c') in 0.005831 seconds
  Import took 0.008904 seconds .

========================================================================
Received Import Request.
  Time since last request: 0.006018 seconds.
  path: Assets/Scripts/Misc/Spawn.cs
  artifactKey: Guid(e78caed851fba1841a44fb2d17da9ee9) Importer(815301076,1909f56bfc062723c751e8b465ee728b)
Start importing Assets/Scripts/Misc/Spawn.cs using Guid(e78caed851fba1841a44fb2d17da9ee9) Importer(815301076,1909f56bfc062723c751e8b465ee728b)  -> (artifact id: '7f2476ba1b1a3b1d683728400efad13c') in 0.002503 seconds
  Import took 0.005475 seconds .

========================================================================
Received Prepare
Registering precompiled user dll's ...
Registered in 0.001044 seconds.
Begin MonoManager ReloadAssembly
Native extension for WindowsStandalone target not found
Refreshing native plugins compatible for Editor in 0.46 ms, found 1 plugins.
Preloading 0 native plugins for Editor in 0.00 ms.
Invoked RoslynAnalysisRunner static constructor.
RoslynAnalysisRunner will not be running.
RoslynAnalysisRunner has terminated.
Mono: successfully reloaded assembly
- Completed reload, in  0.778 seconds
Platform modules already initialized, skipping
Refreshing native plugins compatible for Editor in 0.43 ms, found 1 plugins.
Preloading 0 native plugins for Editor in 0.00 ms.
Unloading 1814 Unused Serialized files (Serialized files now loaded: 0)
System memory in use before: 89.1 MB.
System memory in use after: 89.0 MB.

Unloading 12 unused Assets to reduce memory usage. Loaded Objects now: 2330.
Total: 2.202600 ms (FindLiveObjects: 0.261600 ms CreateObjectMapping: 0.040800 ms MarkObjects: 1.771800 ms  DeleteObjects: 0.127100 ms)

========================================================================
Received Import Request.
  Time since last request: 361.129795 seconds.
  path: Assets/Scripts/Player/PlayerMovement.cs
  artifactKey: Guid(9c9120719f25ac141bc874a538933da2) Importer(815301076,1909f56bfc062723c751e8b465ee728b)
Start importing Assets/Scripts/Player/PlayerMovement.cs using Guid(9c9120719f25ac141bc874a538933da2) Importer(815301076,1909f56bfc062723c751e8b465ee728b)  -> (artifact id: 'e5b8961f711f757c47cba06d5e97ff80') in 0.007191 seconds
  Import took 0.011459 seconds .

========================================================================
Received Import Request.
  Time since last request: 0.017722 seconds.
  path: Assets/Scripts/Player/PlayerMovement.cs
  artifactKey: Guid(9c9120719f25ac141bc874a538933da2) Importer(815301076,1909f56bfc062723c751e8b465ee728b)
Start importing Assets/Scripts/Player/PlayerMovement.cs using Guid(9c9120719f25ac141bc874a538933da2) Importer(815301076,1909f56bfc062723c751e8b465ee728b)  -> (artifact id: 'e5b8961f711f757c47cba06d5e97ff80') in 0.002625 seconds
  Import took 0.006213 seconds .

========================================================================
Received Import Request.
  Time since last request: 80.998046 seconds.
  path: Assets/Scenes/TitleScreen.unity
  artifactKey: Guid(b868fe9332078a04c8592dfd52192424) Importer(815301076,1909f56bfc062723c751e8b465ee728b)
Start importing Assets/Scenes/TitleScreen.unity using Guid(b868fe9332078a04c8592dfd52192424) Importer(815301076,1909f56bfc062723c751e8b465ee728b)  -> (artifact id: '99f5aa2f5c78bdf38087d6752ebbfe0b') in 0.008351 seconds
  Import took 0.011642 seconds .

========================================================================
Received Prepare
Registering precompiled user dll's ...
Registered in 0.001048 seconds.
Begin MonoManager ReloadAssembly
Native extension for WindowsStandalone target not found
Refreshing native plugins compatible for Editor in 0.42 ms, found 1 plugins.
Preloading 0 native plugins for Editor in 0.00 ms.
Invoked RoslynAnalysisRunner static constructor.
RoslynAnalysisRunner will not be running.
RoslynAnalysisRunner has terminated.
Mono: successfully reloaded assembly
- Completed reload, in  0.780 seconds
Platform modules already initialized, skipping
Refreshing native plugins compatible for Editor in 0.38 ms, found 1 plugins.
Preloading 0 native plugins for Editor in 0.00 ms.
Unloading 1814 Unused Serialized files (Serialized files now loaded: 0)
System memory in use before: 89.1 MB.
System memory in use after: 89.1 MB.

Unloading 12 unused Assets to reduce memory usage. Loaded Objects now: 2334.
Total: 2.136000 ms (FindLiveObjects: 0.240400 ms CreateObjectMapping: 0.054000 ms MarkObjects: 1.714700 ms  DeleteObjects: 0.125900 ms)

========================================================================
Received Import Request.
  Time since last request: 162.434493 seconds.
  path: Assets/Sprites/Kirby/Animations
  artifactKey: Guid(f68ea0b7edd324a4eb700ada87bcfe82) Importer(815301076,1909f56bfc062723c751e8b465ee728b)
Start importing Assets/Sprites/Kirby/Animations using Guid(f68ea0b7edd324a4eb700ada87bcfe82) Importer(815301076,1909f56bfc062723c751e8b465ee728b)  -> (artifact id: '640f7e260616b4eae0a399547821dcf4') in 0.006216 seconds
  Import took 0.009416 seconds .

========================================================================
Received Import Request.
  Time since last request: 65.745247 seconds.
  path: Assets/Sprites/Kirby/Kirby.png
  artifactKey: Guid(1834ab67e9cf06149a67df10fb746193) Importer(815301076,1909f56bfc062723c751e8b465ee728b)
Start importing Assets/Sprites/Kirby/Kirby.png using Guid(1834ab67e9cf06149a67df10fb746193) Importer(815301076,1909f56bfc062723c751e8b465ee728b)  -> (artifact id: '7b61f3199e5d4375242de8aef412c6bd') in 0.107306 seconds
  Import took 0.110619 seconds .

========================================================================
Received Prepare
Registering precompiled user dll's ...
Registered in 0.000930 seconds.
Begin MonoManager ReloadAssembly
Native extension for WindowsStandalone target not found
Refreshing native plugins compatible for Editor in 0.44 ms, found 1 plugins.
Preloading 0 native plugins for Editor in 0.00 ms.
Invoked RoslynAnalysisRunner static constructor.
RoslynAnalysisRunner will not be running.
RoslynAnalysisRunner has terminated.
Mono: successfully reloaded assembly
- Completed reload, in  0.791 seconds
Platform modules already initialized, skipping
Refreshing native plugins compatible for Editor in 0.46 ms, found 1 plugins.
Preloading 0 native plugins for Editor in 0.00 ms.
Unloading 1814 Unused Serialized files (Serialized files now loaded: 0)
System memory in use before: 89.1 MB.
System memory in use after: 89.1 MB.

Unloading 12 unused Assets to reduce memory usage. Loaded Objects now: 2361.
Total: 1.991400 ms (FindLiveObjects: 0.216500 ms CreateObjectMapping: 0.042400 ms MarkObjects: 1.619500 ms  DeleteObjects: 0.112000 ms)

========================================================================
Received Prepare
Registering precompiled user dll's ...
Registered in 0.001069 seconds.
Begin MonoManager ReloadAssembly
Native extension for WindowsStandalone target not found
Refreshing native plugins compatible for Editor in 0.42 ms, found 1 plugins.
Preloading 0 native plugins for Editor in 0.00 ms.
Invoked RoslynAnalysisRunner static constructor.
RoslynAnalysisRunner will not be running.
RoslynAnalysisRunner has terminated.
Mono: successfully reloaded assembly
- Completed reload, in  0.812 seconds
Platform modules already initialized, skipping
Refreshing native plugins compatible for Editor in 0.88 ms, found 1 plugins.
Preloading 0 native plugins for Editor in 0.00 ms.
Unloading 1814 Unused Serialized files (Serialized files now loaded: 0)
System memory in use before: 89.1 MB.
System memory in use after: 89.1 MB.

Unloading 12 unused Assets to reduce memory usage. Loaded Objects now: 2365.
Total: 2.328200 ms (FindLiveObjects: 0.257000 ms CreateObjectMapping: 0.043100 ms MarkObjects: 1.884600 ms  DeleteObjects: 0.142500 ms)

========================================================================
Received Prepare
Registering precompiled user dll's ...
Registered in 0.001153 seconds.
Begin MonoManager ReloadAssembly
Native extension for WindowsStandalone target not found
Refreshing native plugins compatible for Editor in 0.51 ms, found 1 plugins.
Preloading 0 native plugins for Editor in 0.00 ms.
Invoked RoslynAnalysisRunner static constructor.
RoslynAnalysisRunner will not be running.
RoslynAnalysisRunner has terminated.
Mono: successfully reloaded assembly
- Completed reload, in  0.784 seconds
Platform modules already initialized, skipping
Refreshing native plugins compatible for Editor in 0.43 ms, found 1 plugins.
Preloading 0 native plugins for Editor in 0.00 ms.
Unloading 1814 Unused Serialized files (Serialized files now loaded: 0)
System memory in use before: 89.1 MB.
System memory in use after: 89.1 MB.

Unloading 12 unused Assets to reduce memory usage. Loaded Objects now: 2369.
Total: 2.715100 ms (FindLiveObjects: 0.475000 ms CreateObjectMapping: 0.063800 ms MarkObjects: 2.014600 ms  DeleteObjects: 0.160100 ms)

========================================================================
Received Prepare
Registering precompiled user dll's ...
Registered in 0.001078 seconds.
Begin MonoManager ReloadAssembly
Native extension for WindowsStandalone target not found
Refreshing native plugins compatible for Editor in 0.42 ms, found 1 plugins.
Preloading 0 native plugins for Editor in 0.00 ms.
Invoked RoslynAnalysisRunner static constructor.
RoslynAnalysisRunner will not be running.
RoslynAnalysisRunner has terminated.
Mono: successfully reloaded assembly
- Completed reload, in  0.737 seconds
Platform modules already initialized, skipping
Refreshing native plugins compatible for Editor in 0.43 ms, found 1 plugins.
Preloading 0 native plugins for Editor in 0.00 ms.
Unloading 1814 Unused Serialized files (Serialized files now loaded: 0)
System memory in use before: 89.1 MB.
System memory in use after: 89.1 MB.

Unloading 12 unused Assets to reduce memory usage. Loaded Objects now: 2373.
Total: 2.572700 ms (FindLiveObjects: 0.266200 ms CreateObjectMapping: 0.055400 ms MarkObjects: 2.106100 ms  DeleteObjects: 0.143600 ms)

========================================================================
Received Import Request.
  Time since last request: 633.501803 seconds.
  path: Assets/Sprites/Enemies/Animations/TurretEnemy/EnemyTurret.controller
  artifactKey: Guid(2b1a7467e599be3469a7e21f34a8360b) Importer(815301076,1909f56bfc062723c751e8b465ee728b)
Start importing Assets/Sprites/Enemies/Animations/TurretEnemy/EnemyTurret.controller using Guid(2b1a7467e599be3469a7e21f34a8360b) Importer(815301076,1909f56bfc062723c751e8b465ee728b)  -> (artifact id: '5502c86d7104e6db8e10e5e2cc0c8022') in 0.014655 seconds
  Import took 0.018015 seconds .

========================================================================
Received Prepare
Registering precompiled user dll's ...
Registered in 0.001156 seconds.
Begin MonoManager ReloadAssembly
Native extension for WindowsStandalone target not found
Refreshing native plugins compatible for Editor in 0.46 ms, found 1 plugins.
Preloading 0 native plugins for Editor in 0.00 ms.
Invoked RoslynAnalysisRunner static constructor.
RoslynAnalysisRunner will not be running.
RoslynAnalysisRunner has terminated.
Mono: successfully reloaded assembly
- Completed reload, in  0.776 seconds
Platform modules already initialized, skipping
Refreshing native plugins compatible for Editor in 0.43 ms, found 1 plugins.
Preloading 0 native plugins for Editor in 0.00 ms.
Unloading 1814 Unused Serialized files (Serialized files now loaded: 0)
System memory in use before: 89.2 MB.
System memory in use after: 89.1 MB.

Unloading 12 unused Assets to reduce memory usage. Loaded Objects now: 2377.
Total: 2.190300 ms (FindLiveObjects: 0.277500 ms CreateObjectMapping: 0.044800 ms MarkObjects: 1.737100 ms  DeleteObjects: 0.130000 ms)

========================================================================
Received Prepare
Registering precompiled user dll's ...
Registered in 0.001059 seconds.
Begin MonoManager ReloadAssembly
Native extension for WindowsStandalone target not found
Refreshing native plugins compatible for Editor in 0.44 ms, found 1 plugins.
Preloading 0 native plugins for Editor in 0.00 ms.
Invoked RoslynAnalysisRunner static constructor.
RoslynAnalysisRunner will not be running.
RoslynAnalysisRunner has terminated.
Mono: successfully reloaded assembly
- Completed reload, in  0.738 seconds
Platform modules already initialized, skipping
Refreshing native plugins compatible for Editor in 0.41 ms, found 1 plugins.
Preloading 0 native plugins for Editor in 0.00 ms.
Unloading 1814 Unused Serialized files (Serialized files now loaded: 0)
System memory in use before: 89.2 MB.
System memory in use after: 89.1 MB.

Unloading 12 unused Assets to reduce memory usage. Loaded Objects now: 2381.
Total: 3.400600 ms (FindLiveObjects: 0.488600 ms CreateObjectMapping: 0.232500 ms MarkObjects: 2.555300 ms  DeleteObjects: 0.122700 ms)

========================================================================
Received Import Request.
  Time since last request: 96.883811 seconds.
  path: Assets/Prefabs/EnemyProjectile.prefab
  artifactKey: Guid(9cecacec7372c5f4b82f1bc711f7b252) Importer(815301076,1909f56bfc062723c751e8b465ee728b)
Start importing Assets/Prefabs/EnemyProjectile.prefab using Guid(9cecacec7372c5f4b82f1bc711f7b252) Importer(815301076,1909f56bfc062723c751e8b465ee728b)  -> (artifact id: 'a21dc02e34b01530d3fc0f92c561f5ff') in 0.048934 seconds
  Import took 0.052186 seconds .

========================================================================
Received Prepare
Registering precompiled user dll's ...
Registered in 0.001156 seconds.
Begin MonoManager ReloadAssembly
Native extension for WindowsStandalone target not found
Refreshing native plugins compatible for Editor in 0.45 ms, found 1 plugins.
Preloading 0 native plugins for Editor in 0.00 ms.
Invoked RoslynAnalysisRunner static constructor.
RoslynAnalysisRunner will not be running.
RoslynAnalysisRunner has terminated.
Mono: successfully reloaded assembly
- Completed reload, in  0.785 seconds
Platform modules already initialized, skipping
Refreshing native plugins compatible for Editor in 0.40 ms, found 1 plugins.
Preloading 0 native plugins for Editor in 0.00 ms.
Unloading 1814 Unused Serialized files (Serialized files now loaded: 0)
System memory in use before: 89.2 MB.
System memory in use after: 89.2 MB.

Unloading 12 unused Assets to reduce memory usage. Loaded Objects now: 2386.
Total: 2.018700 ms (FindLiveObjects: 0.235600 ms CreateObjectMapping: 0.044200 ms MarkObjects: 1.625900 ms  DeleteObjects: 0.112200 ms)

========================================================================
Received Prepare
Registering precompiled user dll's ...
Registered in 0.001204 seconds.
Begin MonoManager ReloadAssembly
Native extension for WindowsStandalone target not found
Refreshing native plugins compatible for Editor in 0.47 ms, found 1 plugins.
Preloading 0 native plugins for Editor in 0.00 ms.
Invoked RoslynAnalysisRunner static constructor.
RoslynAnalysisRunner will not be running.
RoslynAnalysisRunner has terminated.
Mono: successfully reloaded assembly
- Completed reload, in  0.780 seconds
Platform modules already initialized, skipping
Refreshing native plugins compatible for Editor in 0.40 ms, found 1 plugins.
Preloading 0 native plugins for Editor in 0.00 ms.
Unloading 1814 Unused Serialized files (Serialized files now loaded: 0)
System memory in use before: 89.2 MB.
System memory in use after: 89.2 MB.

Unloading 12 unused Assets to reduce memory usage. Loaded Objects now: 2390.
Total: 2.139200 ms (FindLiveObjects: 0.224700 ms CreateObjectMapping: 0.047400 ms MarkObjects: 1.740800 ms  DeleteObjects: 0.125100 ms)

========================================================================
Received Import Request.
  Time since last request: 66.794055 seconds.
  path: Assets/Sprites/Kirby/Kirby.png
  artifactKey: Guid(1834ab67e9cf06149a67df10fb746193) Importer(815301076,1909f56bfc062723c751e8b465ee728b)
Start importing Assets/Sprites/Kirby/Kirby.png using Guid(1834ab67e9cf06149a67df10fb746193) Importer(815301076,1909f56bfc062723c751e8b465ee728b)  -> (artifact id: 'd438c8cf65d3a0590bd51f6131bba1db') in 0.083407 seconds
  Import took 0.086772 seconds .

========================================================================
Received Prepare
Registering precompiled user dll's ...
Registered in 0.001069 seconds.
Begin MonoManager ReloadAssembly
Native extension for WindowsStandalone target not found
Refreshing native plugins compatible for Editor in 0.43 ms, found 1 plugins.
Preloading 0 native plugins for Editor in 0.00 ms.
Invoked RoslynAnalysisRunner static constructor.
RoslynAnalysisRunner will not be running.
RoslynAnalysisRunner has terminated.
Mono: successfully reloaded assembly
- Completed reload, in  0.766 seconds
Platform modules already initialized, skipping
Refreshing native plugins compatible for Editor in 0.39 ms, found 1 plugins.
Preloading 0 native plugins for Editor in 0.00 ms.
Unloading 1814 Unused Serialized files (Serialized files now loaded: 0)
System memory in use before: 89.2 MB.
System memory in use after: 89.2 MB.

Unloading 12 unused Assets to reduce memory usage. Loaded Objects now: 2395.
Total: 2.099200 ms (FindLiveObjects: 0.193800 ms CreateObjectMapping: 0.043400 ms MarkObjects: 1.735000 ms  DeleteObjects: 0.126100 ms)

========================================================================
Received Import Request.
  Time since last request: 149.309544 seconds.
  path: Assets/Scenes/GameOver.unity
  artifactKey: Guid(ccf15c2e03a4b754fb08d827903355fb) Importer(815301076,1909f56bfc062723c751e8b465ee728b)
Start importing Assets/Scenes/GameOver.unity using Guid(ccf15c2e03a4b754fb08d827903355fb) Importer(815301076,1909f56bfc062723c751e8b465ee728b)  -> (artifact id: 'e2bcae8d87b99da8d44803a44a5f8d93') in 0.012441 seconds
  Import took 0.015996 seconds .

========================================================================
Received Import Request.
  Time since last request: 123.210318 seconds.
  path: Assets/Sprites/Misc/NES - Kirbys Adventure - Vegetable Valley 1.gif
  artifactKey: Guid(5b739e6def30e754c89a4f72cc3c6ea9) Importer(815301076,1909f56bfc062723c751e8b465ee728b)
Start importing Assets/Sprites/Misc/NES - Kirbys Adventure - Vegetable Valley 1.gif using Guid(5b739e6def30e754c89a4f72cc3c6ea9) Importer(815301076,1909f56bfc062723c751e8b465ee728b)  -> (artifact id: '5ddca4c02e381812738fcf8e41050a93') in 0.050139 seconds
  Import took 0.053374 seconds .

========================================================================
Received Prepare
Registering precompiled user dll's ...
Registered in 0.001169 seconds.
Begin MonoManager ReloadAssembly
Native extension for WindowsStandalone target not found
Refreshing native plugins compatible for Editor in 0.53 ms, found 1 plugins.
Preloading 0 native plugins for Editor in 0.00 ms.
Invoked RoslynAnalysisRunner static constructor.
RoslynAnalysisRunner will not be running.
RoslynAnalysisRunner has terminated.
Mono: successfully reloaded assembly
- Completed reload, in  0.793 seconds
Platform modules already initialized, skipping
Refreshing native plugins compatible for Editor in 0.42 ms, found 1 plugins.
Preloading 0 native plugins for Editor in 0.00 ms.
Unloading 1814 Unused Serialized files (Serialized files now loaded: 0)
System memory in use before: 89.2 MB.
System memory in use after: 89.2 MB.

Unloading 12 unused Assets to reduce memory usage. Loaded Objects now: 2405.
Total: 2.481300 ms (FindLiveObjects: 0.223300 ms CreateObjectMapping: 0.043400 ms MarkObjects: 2.088500 ms  DeleteObjects: 0.125000 ms)

========================================================================
Received Import Request.
  Time since last request: 38.881444 seconds.
  path: Assets/Sprites/Enemies/Enemies.png
  artifactKey: Guid(36b5e475318ba3c4fabd1cf2d3656ad3) Importer(815301076,1909f56bfc062723c751e8b465ee728b)
Start importing Assets/Sprites/Enemies/Enemies.png using Guid(36b5e475318ba3c4fabd1cf2d3656ad3) Importer(815301076,1909f56bfc062723c751e8b465ee728b)  -> (artifact id: 'eb040cdbbaba01de202c287ed522fa3e') in 0.060881 seconds
  Import took 0.064119 seconds .

========================================================================
Received Prepare
Registering precompiled user dll's ...
Registered in 0.001072 seconds.
Begin MonoManager ReloadAssembly
Native extension for WindowsStandalone target not found
Refreshing native plugins compatible for Editor in 0.43 ms, found 1 plugins.
Preloading 0 native plugins for Editor in 0.00 ms.
Invoked RoslynAnalysisRunner static constructor.
RoslynAnalysisRunner will not be running.
RoslynAnalysisRunner has terminated.
Mono: successfully reloaded assembly
- Completed reload, in  0.755 seconds
Platform modules already initialized, skipping
Refreshing native plugins compatible for Editor in 0.48 ms, found 1 plugins.
Preloading 0 native plugins for Editor in 0.00 ms.
Unloading 1814 Unused Serialized files (Serialized files now loaded: 0)
System memory in use before: 89.2 MB.
System memory in use after: 89.2 MB.

Unloading 12 unused Assets to reduce memory usage. Loaded Objects now: 2415.
Total: 2.154600 ms (FindLiveObjects: 0.277100 ms CreateObjectMapping: 0.088700 ms MarkObjects: 1.674700 ms  DeleteObjects: 0.113000 ms)

========================================================================
Received Import Request.
  Time since last request: 437.053653 seconds.
  path: ProjectSettings/TagManager.asset
  artifactKey: Guid(00000000000000003000000000000000) Importer(815301076,1909f56bfc062723c751e8b465ee728b)
Start importing ProjectSettings/TagManager.asset using Guid(00000000000000003000000000000000) Importer(815301076,1909f56bfc062723c751e8b465ee728b)  -> (artifact id: '62826bbdc6b15ac57d31d0cb4a3409e1') in 0.014080 seconds
  Import took 0.017350 seconds .

========================================================================
Received Import Request.
  Time since last request: 0.002473 seconds.
  path: ProjectSettings/TagManager.asset
  artifactKey: Guid(00000000000000003000000000000000) Importer(815301076,1909f56bfc062723c751e8b465ee728b)
Start importing ProjectSettings/TagManager.asset using Guid(00000000000000003000000000000000) Importer(815301076,1909f56bfc062723c751e8b465ee728b)  -> (artifact id: '62826bbdc6b15ac57d31d0cb4a3409e1') in 0.002879 seconds
  Import took 0.005587 seconds .

========================================================================
Received Prepare
Registering precompiled user dll's ...
Registered in 0.001044 seconds.
Begin MonoManager ReloadAssembly
Native extension for WindowsStandalone target not found
Refreshing native plugins compatible for Editor in 0.40 ms, found 1 plugins.
Preloading 0 native plugins for Editor in 0.00 ms.
Invoked RoslynAnalysisRunner static constructor.
RoslynAnalysisRunner will not be running.
RoslynAnalysisRunner has terminated.
Mono: successfully reloaded assembly
- Completed reload, in  0.774 seconds
Platform modules already initialized, skipping
Refreshing native plugins compatible for Editor in 0.58 ms, found 1 plugins.
Preloading 0 native plugins for Editor in 0.00 ms.
Unloading 1814 Unused Serialized files (Serialized files now loaded: 0)
System memory in use before: 89.3 MB.
System memory in use after: 89.3 MB.

Unloading 14 unused Assets to reduce memory usage. Loaded Objects now: 2419.
Total: 2.354900 ms (FindLiveObjects: 0.267400 ms CreateObjectMapping: 0.044900 ms MarkObjects: 1.902800 ms  DeleteObjects: 0.138000 ms)

========================================================================
Received Prepare
Registering precompiled user dll's ...
Registered in 0.000948 seconds.
Begin MonoManager ReloadAssembly
Native extension for WindowsStandalone target not found
Refreshing native plugins compatible for Editor in 0.43 ms, found 1 plugins.
Preloading 0 native plugins for Editor in 0.00 ms.
Invoked RoslynAnalysisRunner static constructor.
RoslynAnalysisRunner will not be running.
RoslynAnalysisRunner has terminated.
Mono: successfully reloaded assembly
- Completed reload, in  0.743 seconds
Platform modules already initialized, skipping
Refreshing native plugins compatible for Editor in 0.60 ms, found 1 plugins.
Preloading 0 native plugins for Editor in 0.00 ms.
Unloading 1814 Unused Serialized files (Serialized files now loaded: 0)
System memory in use before: 89.3 MB.
System memory in use after: 89.3 MB.

Unloading 12 unused Assets to reduce memory usage. Loaded Objects now: 2423.
Total: 2.296300 ms (FindLiveObjects: 0.429500 ms CreateObjectMapping: 0.142300 ms MarkObjects: 1.596400 ms  DeleteObjects: 0.126900 ms)

========================================================================
Received Prepare
Registering precompiled user dll's ...
Registered in 0.000932 seconds.
Begin MonoManager ReloadAssembly
Native extension for WindowsStandalone target not found
Refreshing native plugins compatible for Editor in 0.42 ms, found 1 plugins.
Preloading 0 native plugins for Editor in 0.00 ms.
Invoked RoslynAnalysisRunner static constructor.
RoslynAnalysisRunner will not be running.
RoslynAnalysisRunner has terminated.
Mono: successfully reloaded assembly
- Completed reload, in  0.767 seconds
Platform modules already initialized, skipping
Refreshing native plugins compatible for Editor in 0.44 ms, found 1 plugins.
Preloading 0 native plugins for Editor in 0.00 ms.
Unloading 1814 Unused Serialized files (Serialized files now loaded: 0)
System memory in use before: 89.3 MB.
System memory in use after: 89.3 MB.

Unloading 12 unused Assets to reduce memory usage. Loaded Objects now: 2427.
Total: 2.145600 ms (FindLiveObjects: 0.271800 ms CreateObjectMapping: 0.044200 ms MarkObjects: 1.703500 ms  DeleteObjects: 0.124800 ms)

========================================================================
Received Prepare
Registering precompiled user dll's ...
Registered in 0.001055 seconds.
Begin MonoManager ReloadAssembly
Native extension for WindowsStandalone target not found
Refreshing native plugins compatible for Editor in 0.34 ms, found 1 plugins.
Preloading 0 native plugins for Editor in 0.00 ms.
Invoked RoslynAnalysisRunner static constructor.
RoslynAnalysisRunner will not be running.
RoslynAnalysisRunner has terminated.
Mono: successfully reloaded assembly
- Completed reload, in  0.790 seconds
Platform modules already initialized, skipping
Refreshing native plugins compatible for Editor in 0.42 ms, found 1 plugins.
Preloading 0 native plugins for Editor in 0.00 ms.
Unloading 1814 Unused Serialized files (Serialized files now loaded: 0)
System memory in use before: 89.3 MB.
System memory in use after: 89.3 MB.

Unloading 12 unused Assets to reduce memory usage. Loaded Objects now: 2431.
Total: 1.976400 ms (FindLiveObjects: 0.223100 ms CreateObjectMapping: 0.043400 ms MarkObjects: 1.592300 ms  DeleteObjects: 0.116600 ms)

========================================================================
Received Prepare
Registering precompiled user dll's ...
Registered in 0.001052 seconds.
Begin MonoManager ReloadAssembly
Native extension for WindowsStandalone target not found
Refreshing native plugins compatible for Editor in 0.42 ms, found 1 plugins.
Preloading 0 native plugins for Editor in 0.00 ms.
Invoked RoslynAnalysisRunner static constructor.
RoslynAnalysisRunner will not be running.
RoslynAnalysisRunner has terminated.
Mono: successfully reloaded assembly
- Completed reload, in  0.767 seconds
Platform modules already initialized, skipping
Refreshing native plugins compatible for Editor in 0.43 ms, found 1 plugins.
Preloading 0 native plugins for Editor in 0.00 ms.
Unloading 1814 Unused Serialized files (Serialized files now loaded: 0)
System memory in use before: 89.3 MB.
System memory in use after: 89.3 MB.

Unloading 12 unused Assets to reduce memory usage. Loaded Objects now: 2435.
Total: 2.152100 ms (FindLiveObjects: 0.232800 ms CreateObjectMapping: 0.046900 ms MarkObjects: 1.745900 ms  DeleteObjects: 0.125400 ms)

========================================================================
Received Prepare
Registering precompiled user dll's ...
Registered in 0.001038 seconds.
Begin MonoManager ReloadAssembly
Native extension for WindowsStandalone target not found
Refreshing native plugins compatible for Editor in 0.44 ms, found 1 plugins.
Preloading 0 native plugins for Editor in 0.00 ms.
Invoked RoslynAnalysisRunner static constructor.
RoslynAnalysisRunner will not be running.
RoslynAnalysisRunner has terminated.
Mono: successfully reloaded assembly
- Completed reload, in  0.775 seconds
Platform modules already initialized, skipping
Refreshing native plugins compatible for Editor in 0.43 ms, found 1 plugins.
Preloading 0 native plugins for Editor in 0.00 ms.
Unloading 1814 Unused Serialized files (Serialized files now loaded: 0)
System memory in use before: 89.3 MB.
System memory in use after: 89.3 MB.

Unloading 12 unused Assets to reduce memory usage. Loaded Objects now: 2439.
Total: 1.951100 ms (FindLiveObjects: 0.215200 ms CreateObjectMapping: 0.044300 ms MarkObjects: 1.574000 ms  DeleteObjects: 0.116600 ms)

========================================================================
Received Prepare
Registering precompiled user dll's ...
Registered in 0.001006 seconds.
Begin MonoManager ReloadAssembly
Native extension for WindowsStandalone target not found
Refreshing native plugins compatible for Editor in 0.41 ms, found 1 plugins.
Preloading 0 native plugins for Editor in 0.00 ms.
Invoked RoslynAnalysisRunner static constructor.
RoslynAnalysisRunner will not be running.
RoslynAnalysisRunner has terminated.
Mono: successfully reloaded assembly
- Completed reload, in  0.737 seconds
Platform modules already initialized, skipping
Refreshing native plugins compatible for Editor in 0.41 ms, found 1 plugins.
Preloading 0 native plugins for Editor in 0.00 ms.
Unloading 1814 Unused Serialized files (Serialized files now loaded: 0)
System memory in use before: 89.3 MB.
System memory in use after: 89.3 MB.

Unloading 12 unused Assets to reduce memory usage. Loaded Objects now: 2443.
Total: 2.360700 ms (FindLiveObjects: 0.273100 ms CreateObjectMapping: 0.045000 ms MarkObjects: 1.911900 ms  DeleteObjects: 0.129600 ms)

========================================================================
Received Prepare
Registering precompiled user dll's ...
Registered in 0.001064 seconds.
Begin MonoManager ReloadAssembly
Native extension for WindowsStandalone target not found
Refreshing native plugins compatible for Editor in 0.42 ms, found 1 plugins.
Preloading 0 native plugins for Editor in 0.00 ms.
Invoked RoslynAnalysisRunner static constructor.
RoslynAnalysisRunner will not be running.
RoslynAnalysisRunner has terminated.
Mono: successfully reloaded assembly
- Completed reload, in  0.741 seconds
Platform modules already initialized, skipping
Refreshing native plugins compatible for Editor in 0.42 ms, found 1 plugins.
Preloading 0 native plugins for Editor in 0.00 ms.
Unloading 1814 Unused Serialized files (Serialized files now loaded: 0)
System memory in use before: 89.3 MB.
System memory in use after: 89.3 MB.

Unloading 12 unused Assets to reduce memory usage. Loaded Objects now: 2447.
Total: 2.147700 ms (FindLiveObjects: 0.285900 ms CreateObjectMapping: 0.090700 ms MarkObjects: 1.651500 ms  DeleteObjects: 0.118500 ms)

========================================================================
Received Prepare
Registering precompiled user dll's ...
Registered in 0.001131 seconds.
Begin MonoManager ReloadAssembly
Native extension for WindowsStandalone target not found
Refreshing native plugins compatible for Editor in 0.43 ms, found 1 plugins.
Preloading 0 native plugins for Editor in 0.00 ms.
Invoked RoslynAnalysisRunner static constructor.
RoslynAnalysisRunner will not be running.
RoslynAnalysisRunner has terminated.
Mono: successfully reloaded assembly
- Completed reload, in  0.773 seconds
Platform modules already initialized, skipping
Refreshing native plugins compatible for Editor in 0.40 ms, found 1 plugins.
Preloading 0 native plugins for Editor in 0.00 ms.
Unloading 1814 Unused Serialized files (Serialized files now loaded: 0)
System memory in use before: 89.3 MB.
System memory in use after: 89.3 MB.

Unloading 12 unused Assets to reduce memory usage. Loaded Objects now: 2451.
Total: 2.358800 ms (FindLiveObjects: 0.381600 ms CreateObjectMapping: 0.043200 ms MarkObjects: 1.792600 ms  DeleteObjects: 0.140300 ms)

========================================================================
Received Prepare
Registering precompiled user dll's ...
Registered in 0.001065 seconds.
Begin MonoManager ReloadAssembly
Native extension for WindowsStandalone target not found
Refreshing native plugins compatible for Editor in 0.44 ms, found 1 plugins.
Preloading 0 native plugins for Editor in 0.00 ms.
Invoked RoslynAnalysisRunner static constructor.
RoslynAnalysisRunner will not be running.
RoslynAnalysisRunner has terminated.
Mono: successfully reloaded assembly
- Completed reload, in  0.749 seconds
Platform modules already initialized, skipping
Refreshing native plugins compatible for Editor in 0.51 ms, found 1 plugins.
Preloading 0 native plugins for Editor in 0.00 ms.
Unloading 1814 Unused Serialized files (Serialized files now loaded: 0)
System memory in use before: 89.3 MB.
System memory in use after: 89.3 MB.

Unloading 12 unused Assets to reduce memory usage. Loaded Objects now: 2455.
Total: 2.214200 ms (FindLiveObjects: 0.245500 ms CreateObjectMapping: 0.044500 ms MarkObjects: 1.791200 ms  DeleteObjects: 0.132100 ms)

========================================================================
Received Prepare
Registering precompiled user dll's ...
Registered in 0.001223 seconds.
Begin MonoManager ReloadAssembly
Native extension for WindowsStandalone target not found
Refreshing native plugins compatible for Editor in 0.43 ms, found 1 plugins.
Preloading 0 native plugins for Editor in 0.00 ms.
Invoked RoslynAnalysisRunner static constructor.
RoslynAnalysisRunner will not be running.
RoslynAnalysisRunner has terminated.
Mono: successfully reloaded assembly
- Completed reload, in  0.763 seconds
Platform modules already initialized, skipping
Refreshing native plugins compatible for Editor in 0.40 ms, found 1 plugins.
Preloading 0 native plugins for Editor in 0.00 ms.
Unloading 1814 Unused Serialized files (Serialized files now loaded: 0)
System memory in use before: 89.4 MB.
System memory in use after: 89.3 MB.

Unloading 12 unused Assets to reduce memory usage. Loaded Objects now: 2459.
Total: 2.459300 ms (FindLiveObjects: 0.237500 ms CreateObjectMapping: 0.043900 ms MarkObjects: 2.032700 ms  DeleteObjects: 0.144000 ms)

========================================================================
Received Import Request.
  Time since last request: 712.889091 seconds.
  path: Assets/Scenes/SampleScene.unity
  artifactKey: Guid(2cda990e2423bbf4892e6590ba056729) Importer(815301076,1909f56bfc062723c751e8b465ee728b)
Start importing Assets/Scenes/SampleScene.unity using Guid(2cda990e2423bbf4892e6590ba056729) Importer(815301076,1909f56bfc062723c751e8b465ee728b)  -> (artifact id: 'ab440d65c9d8863eb317f3e2371060ab') in 0.011835 seconds
  Import took 0.015093 seconds .

========================================================================
Received Import Request.
  Time since last request: 536.241477 seconds.
  path: Assets/Prefabs/Player.prefab
  artifactKey: Guid(c6b8747ed35a9bf4185023df494586a5) Importer(815301076,1909f56bfc062723c751e8b465ee728b)
Start importing Assets/Prefabs/Player.prefab using Guid(c6b8747ed35a9bf4185023df494586a5) Importer(815301076,1909f56bfc062723c751e8b465ee728b)  -> (artifact id: '0293fff2f93460f555e9dc8c41098f5a') in 0.051396 seconds
  Import took 0.055289 seconds .

========================================================================
Received Import Request.
  Time since last request: 2.027806 seconds.
  path: Assets/Prefabs/GameManager.prefab
  artifactKey: Guid(b56c28b6daf725a40bcd6bc49aedb5a6) Importer(815301076,1909f56bfc062723c751e8b465ee728b)
Start importing Assets/Prefabs/GameManager.prefab using Guid(b56c28b6daf725a40bcd6bc49aedb5a6) Importer(815301076,1909f56bfc062723c751e8b465ee728b)  -> (artifact id: '37eb0c5592379cf48b62574ab6130171') in 0.004203 seconds
  Import took 0.007189 seconds .

========================================================================
Received Prepare
Registering precompiled user dll's ...
Registered in 0.001174 seconds.
Begin MonoManager ReloadAssembly
Native extension for WindowsStandalone target not found
Refreshing native plugins compatible for Editor in 0.51 ms, found 1 plugins.
Preloading 0 native plugins for Editor in 0.00 ms.
Invoked RoslynAnalysisRunner static constructor.
RoslynAnalysisRunner will not be running.
RoslynAnalysisRunner has terminated.
Mono: successfully reloaded assembly
- Completed reload, in  0.794 seconds
Platform modules already initialized, skipping
Refreshing native plugins compatible for Editor in 0.42 ms, found 1 plugins.
Preloading 0 native plugins for Editor in 0.00 ms.
Unloading 1814 Unused Serialized files (Serialized files now loaded: 0)
System memory in use before: 89.4 MB.
System memory in use after: 89.3 MB.

Unloading 12 unused Assets to reduce memory usage. Loaded Objects now: 2464.
Total: 2.315400 ms (FindLiveObjects: 0.248600 ms CreateObjectMapping: 0.048300 ms MarkObjects: 1.880600 ms  DeleteObjects: 0.136400 ms)

AssetImportWorkerClient::OnTransportError - code=2 error=End of file
